# JRE version: Java(TM) SE Runtime Environment (18.0.2.1+1) (build 18.0.2.1+1-1)
# Java VM: Java HotSpot(TM) 64-Bit Server VM (18.0.2.1+1-1, mixed mode, sharing, tiered, compressed oops, compressed class ptrs, g1 gc, windows-amd64)
GC Precious Log:
 CardTable entry size: 512
 Card Set container configuration: InlinePtr #cards 5 size 8 Array Of Cards #cards 12 size 40 Howl #buckets 4 coarsen threshold 1843 Howl Bitmap #cards 512 size 80 coarsen threshold 460 Card regions per heap region 1 cards per card region 2048
 CPUs: 12 total, 12 available
 Memory: 15693M
 Large Page Support: Disabled
 NUMA Support: Disabled
 Compressed Oops: Enabled (32-bit)
 Heap Region Size: 1M
 Heap Min Capacity: 8M
 Heap Initial Capacity: 246M
 Heap Max Capacity: 2G
 Pre-touch: Disabled
 Parallel Workers: 10
 Concurrent Workers: 3
 Concurrent Refinement Workers: 10
 Periodic GC: Disabled
Heap:
 garbage-first heap   total 136192K, used 61334K [0x0000000080000000, 0x0000000100000000)
  region size 1024K, 1 young (1024K), 1 survivors (1024K)
 Metaspace       used 62630K, committed 64576K, reserved 487424K
  class space    used 8917K, committed 9920K, reserved 421888K
GC Heap History (20 events):
Event: 15.310 GC heap after
{Heap after GC invocations=13 (full 0):
 garbage-first heap   total 89088K, used 43993K [0x0000000080000000, 0x0000000100000000)
  region size 1024K, 5 young (5120K), 5 survivors (5120K)
 Metaspace       used 50360K, committed 52032K, reserved 487424K
  class space    used 7164K, committed 8000K, reserved 421888K
}
Event: 15.316 GC heap before
{Heap before GC invocations=13 (full 0):
 garbage-first heap   total 89088K, used 46041K [0x0000000080000000, 0x0000000100000000)
  region size 1024K, 6 young (6144K), 5 survivors (5120K)
 Metaspace       used 50360K, committed 52032K, reserved 487424K
  class space    used 7164K, committed 8000K, reserved 421888K
}
Event: 15.321 GC heap after
{Heap after GC invocations=14 (full 0):
 garbage-first heap   total 89088K, used 47016K [0x0000000080000000, 0x0000000100000000)
  region size 1024K, 1 young (1024K), 1 survivors (1024K)
 Metaspace       used 50360K, committed 52032K, reserved 487424K
  class space    used 7164K, committed 8000K, reserved 421888K
}
Event: 15.994 GC heap before
{Heap before GC invocations=15 (full 0):
 garbage-first heap   total 89088K, used 80808K [0x0000000080000000, 0x0000000100000000)
  region size 1024K, 24 young (24576K), 1 survivors (1024K)
 Metaspace       used 52840K, committed 54592K, reserved 487424K
  class space    used 7511K, committed 8448K, reserved 421888K
}
Event: 15.997 GC heap after
{Heap after GC invocations=16 (full 0):
 garbage-first heap   total 89088K, used 59404K [0x0000000080000000, 0x0000000100000000)
  region size 1024K, 3 young (3072K), 3 survivors (3072K)
 Metaspace       used 52840K, committed 54592K, reserved 487424K
  class space    used 7511K, committed 8448K, reserved 421888K
}
Event: 16.025 GC heap before
{Heap before GC invocations=16 (full 0):
 garbage-first heap   total 89088K, used 60428K [0x0000000080000000, 0x0000000100000000)
  region size 1024K, 4 young (4096K), 3 survivors (3072K)
 Metaspace       used 52957K, committed 54720K, reserved 487424K
  class space    used 7521K, committed 8448K, reserved 421888K
}
Event: 16.028 GC heap after
{Heap after GC invocations=17 (full 0):
 garbage-first heap   total 89088K, used 58978K [0x0000000080000000, 0x0000000100000000)
  region size 1024K, 1 young (1024K), 1 survivors (1024K)
 Metaspace       used 52957K, committed 54720K, reserved 487424K
  class space    used 7521K, committed 8448K, reserved 421888K
}
Event: 16.385 GC heap before
{Heap before GC invocations=17 (full 0):
 garbage-first heap   total 89088K, used 72290K [0x0000000080000000, 0x0000000100000000)
  region size 1024K, 14 young (14336K), 1 survivors (1024K)
 Metaspace       used 53964K, committed 55744K, reserved 487424K
  class space    used 7662K, committed 8576K, reserved 421888K
}
Event: 16.388 GC heap after
{Heap after GC invocations=18 (full 0):
 garbage-first heap   total 89088K, used 59418K [0x0000000080000000, 0x0000000100000000)
  region size 1024K, 1 young (1024K), 1 survivors (1024K)
 Metaspace       used 53964K, committed 55744K, reserved 487424K
  class space    used 7662K, committed 8576K, reserved 421888K
}
Event: 16.717 GC heap before
{Heap before GC invocations=19 (full 0):
 garbage-first heap   total 104448K, used 70682K [0x0000000080000000, 0x0000000100000000)
  region size 1024K, 13 young (13312K), 1 survivors (1024K)
 Metaspace       used 55442K, committed 57152K, reserved 487424K
  class space    used 7867K, committed 8768K, reserved 421888K
}
Event: 16.720 GC heap after
{Heap after GC invocations=20 (full 0):
 garbage-first heap   total 104448K, used 59770K [0x0000000080000000, 0x0000000100000000)
  region size 1024K, 1 young (1024K), 1 survivors (1024K)
 Metaspace       used 55442K, committed 57152K, reserved 487424K
  class space    used 7867K, committed 8768K, reserved 421888K
}
Event: 16.838 GC heap before
{Heap before GC invocations=20 (full 0):
 garbage-first heap   total 104448K, used 63866K [0x0000000080000000, 0x0000000100000000)
  region size 1024K, 5 young (5120K), 1 survivors (1024K)
 Metaspace       used 56020K, committed 57728K, reserved 487424K
  class space    used 7933K, committed 8832K, reserved 421888K
}
Event: 16.842 GC heap after
{Heap after GC invocations=21 (full 0):
 garbage-first heap   total 104448K, used 58217K [0x0000000080000000, 0x0000000100000000)
  region size 1024K, 1 young (1024K), 1 survivors (1024K)
 Metaspace       used 56020K, committed 57728K, reserved 487424K
  class space    used 7933K, committed 8832K, reserved 421888K
}
Event: 17.415 GC heap before
{Heap before GC invocations=21 (full 0):
 garbage-first heap   total 104448K, used 84841K [0x0000000080000000, 0x0000000100000000)
  region size 1024K, 27 young (27648K), 1 survivors (1024K)
 Metaspace       used 58540K, committed 60352K, reserved 487424K
  class space    used 8292K, committed 9216K, reserved 421888K
}
Event: 17.422 GC heap after
{Heap after GC invocations=22 (full 0):
 garbage-first heap   total 104448K, used 60060K [0x0000000080000000, 0x0000000100000000)
  region size 1024K, 3 young (3072K), 3 survivors (3072K)
 Metaspace       used 58540K, committed 60352K, reserved 487424K
  class space    used 8292K, committed 9216K, reserved 421888K
}
Event: 18.032 GC heap before
{Heap before GC invocations=23 (full 0):
 garbage-first heap   total 104448K, used 85660K [0x0000000080000000, 0x0000000100000000)
  region size 1024K, 28 young (28672K), 3 survivors (3072K)
 Metaspace       used 60925K, committed 62912K, reserved 487424K
  class space    used 8706K, committed 9728K, reserved 421888K
}
Event: 18.038 GC heap after
{Heap after GC invocations=24 (full 0):
 garbage-first heap   total 104448K, used 61371K [0x0000000080000000, 0x0000000100000000)
  region size 1024K, 4 young (4096K), 4 survivors (4096K)
 Metaspace       used 60925K, committed 62912K, reserved 487424K
  class space    used 8706K, committed 9728K, reserved 421888K
}
Event: 18.055 GC heap before
{Heap before GC invocations=24 (full 0):
 garbage-first heap   total 104448K, used 62395K [0x0000000080000000, 0x0000000100000000)
  region size 1024K, 5 young (5120K), 4 survivors (4096K)
 Metaspace       used 61046K, committed 63040K, reserved 487424K
  class space    used 8716K, committed 9728K, reserved 421888K
}
Event: 18.059 GC heap after
{Heap after GC invocations=25 (full 0):
 garbage-first heap   total 104448K, used 61165K [0x0000000080000000, 0x0000000100000000)
  region size 1024K, 1 young (1024K), 1 survivors (1024K)
 Metaspace       used 61046K, committed 63040K, reserved 487424K
  class space    used 8716K, committed 9728K, reserved 421888K
}
Event: 18.483 GC heap before
{Heap before GC invocations=25 (full 0):
 garbage-first heap   total 104448K, used 84717K [0x0000000080000000, 0x0000000100000000)
  region size 1024K, 25 young (25600K), 1 survivors (1024K)
 Metaspace       used 62630K, committed 64576K, reserved 487424K
  class space    used 8917K, committed 9920K, reserved 421888K
}

